<!DOCTYPE html PUBLIC "-//W3C//DTD XHTML 1.1//EN" "https://www.w3.org/TR/xhtml11/DTD/xhtml11.dtd">
<html xmlns="https://www.w3.org/1999/xhtml">
<head>
<meta http-equiv="content-type" content="text/html; charset=UTF-8"/>
<title>TestNG Report</title>
<style type="text/css">table {margin-bottom:10px;border-collapse:collapse;empty-cells:show}th,td {border:1px solid #009;padding:.25em .5em}th {vertical-align:bottom}td {vertical-align:top}table a {font-weight:bold}.stripe td {background-color: #E6EBF9}.num {text-align:right}.passedodd td {background-color: #3F3}.passedeven td {background-color: #0A0}.skippedodd td {background-color: #DDD}.skippedeven td {background-color: #CCC}.failedodd td,.attn {background-color: #F33}.failedeven td,.stripe .attn {background-color: #D00}.stacktrace {white-space:pre;font-family:monospace}.totop {font-size:85%;text-align:center;border-bottom:2px solid #000}.invisible {display:none}</style>
</head>
<body>
<table>
<tr><th>Test</th><th># Passed</th><th># Skipped</th><th># Retried</th><th># Failed</th><th>Time (ms)</th><th>Included Groups</th><th>Excluded Groups</th></tr>
<tr><th colspan="8">API Test Suite</th></tr>
<tr><td><a href="#t0">TestAPIs Sequential Execution</a></td><td class="num">33</td><td class="num">0</td><td class="num">0</td><td class="num attn">15</td><td class="num">9,578</td><td></td><td></td></tr>
</table>
<table id='summary'><thead><tr><th>Class</th><th>Method</th><th>Start</th><th>Time (ms)</th></tr></thead><tbody><tr><th colspan="4">API Test Suite</th></tr></tbody><tbody id="t0"><tr><th colspan="4">TestAPIs Sequential Execution &#8212; failed</th></tr><tr class="failedeven"><td rowspan="1">TestAPIs.ActionsAPITest</td><td><a href="#m0">TC05_DeleteActionByID</a></td><td rowspan="1">1754286790161</td><td rowspan="1">83</td></tr><tr class="failedodd"><td rowspan="3">TestAPIs.ModuleAPITest</td><td><a href="#m1">TC01_CreateModule</a></td><td rowspan="1">1754286791824</td><td rowspan="1">106</td></tr><tr class="failedodd"><td><a href="#m2">TC03_GetModuleByID</a></td><td rowspan="1">1754286792185</td><td rowspan="1">53</td></tr><tr class="failedodd"><td><a href="#m3">TC04_DeleteModuleByID</a></td><td rowspan="1">1754286792239</td><td rowspan="1">56</td></tr><tr class="failedeven"><td rowspan="1">TestAPIs.PagesAPITest</td><td><a href="#m4">TC01_CreatePage</a></td><td rowspan="1">1754286792434</td><td rowspan="1">59</td></tr><tr class="failedodd"><td rowspan="4">TestAPIs.RoleAPITest</td><td><a href="#m5">TC01_CreateRole</a></td><td rowspan="1">1754286794737</td><td rowspan="1">252</td></tr><tr class="failedodd"><td><a href="#m6">TC02_GetRole</a></td><td rowspan="1">1754286795607</td><td rowspan="1">210</td></tr><tr class="failedodd"><td><a href="#m7">TC03_GetROleByID</a></td><td rowspan="1">1754286795821</td><td rowspan="1">60</td></tr><tr class="failedodd"><td><a href="#m8">TC04_DeleteRoleByID</a></td><td rowspan="1">1754286795884</td><td rowspan="1">46</td></tr><tr class="failedeven"><td rowspan="6">TestAPIs.UsersAPITest</td><td><a href="#m9">TC01_CreateUser</a></td><td rowspan="3">1754286796093</td><td rowspan="3">165</td></tr><tr class="failedeven"><td><a href="#m10">TC01_CreateUser</a></td></tr><tr class="failedeven"><td><a href="#m11">TC01_CreateUser</a></td></tr><tr class="failedeven"><td><a href="#m12">TC02_GetUser</a></td><td rowspan="1">1754286796479</td><td rowspan="1">107</td></tr><tr class="failedeven"><td><a href="#m13">TC03_GetUserByID</a></td><td rowspan="1">1754286796589</td><td rowspan="1">46</td></tr><tr class="failedeven"><td><a href="#m14">TC04_DeleteUserByID</a></td><td rowspan="1">1754286796638</td><td rowspan="1">62</td></tr><tr><th colspan="4">TestAPIs Sequential Execution &#8212; passed</th></tr><tr class="passedeven"><td rowspan="5">TestAPIs.ActionsAPITest</td><td><a href="#m15">TC01_CreateAction</a></td><td rowspan="2">1754286789777</td><td rowspan="2">58</td></tr><tr class="passedeven"><td><a href="#m16">TC01_CreateAction</a></td></tr><tr class="passedeven"><td><a href="#m17">TC02_GetAction</a></td><td rowspan="1">1754286789841</td><td rowspan="1">173</td></tr><tr class="passedeven"><td><a href="#m18">TC03_UpdateActionByID</a></td><td rowspan="1">1754286790021</td><td rowspan="1">89</td></tr><tr class="passedeven"><td><a href="#m19">TC04_GetActionByID</a></td><td rowspan="1">1754286790113</td><td rowspan="1">45</td></tr><tr class="passedodd"><td rowspan="5">TestAPIs.GetPermissionsTests</td><td><a href="#m20">TC01_GetPermissions_ValidToken</a></td><td rowspan="1">1754286790247</td><td rowspan="1">329</td></tr><tr class="passedodd"><td><a href="#m21">TC02_GetPermissions_InvalidTokens</a></td><td rowspan="3">1754286790684</td><td rowspan="3">41</td></tr><tr class="passedodd"><td><a href="#m22">TC02_GetPermissions_InvalidTokens</a></td></tr><tr class="passedodd"><td><a href="#m23">TC02_GetPermissions_InvalidTokens</a></td></tr><tr class="passedodd"><td><a href="#m24">TC07_GetPermissions_ResponseTimeCheck</a></td><td rowspan="1">1754286790731</td><td rowspan="1">291</td></tr><tr class="passedeven"><td rowspan="5">TestAPIs.LoginTest</td><td><a href="#m25">testLogin</a></td><td rowspan="5">1754286791026</td><td rowspan="5">169</td></tr><tr class="passedeven"><td><a href="#m26">testLogin</a></td></tr><tr class="passedeven"><td><a href="#m27">testLogin</a></td></tr><tr class="passedeven"><td><a href="#m28">testLogin</a></td></tr><tr class="passedeven"><td><a href="#m29">testLogin</a></td></tr><tr class="passedodd"><td rowspan="1">TestAPIs.LogoutTest</td><td><a href="#m30">TC01_Logout_ValidToken</a></td><td rowspan="1">1754286791553</td><td rowspan="1">260</td></tr><tr class="passedeven"><td rowspan="2">TestAPIs.ModuleAPITest</td><td><a href="#m31">TC01_CreateModule</a></td><td rowspan="1">1754286791932</td><td rowspan="1">66</td></tr><tr class="passedeven"><td><a href="#m32">TC02_GetModule</a></td><td rowspan="1">1754286791999</td><td rowspan="1">184</td></tr><tr class="passedodd"><td rowspan="5">TestAPIs.PagesAPITest</td><td><a href="#m33">TC01_CreatePage</a></td><td rowspan="2">1754286792304</td><td rowspan="2">81</td></tr><tr class="passedodd"><td><a href="#m34">TC01_CreatePage</a></td></tr><tr class="passedodd"><td><a href="#m35">TC02_GetPage</a></td><td rowspan="1">1754286792494</td><td rowspan="1">167</td></tr><tr class="passedodd"><td><a href="#m36">TC03_GetPageByID</a></td><td rowspan="1">1754286792668</td><td rowspan="1">60</td></tr><tr class="passedodd"><td><a href="#m37">TC04_DeletePageByID</a></td><td rowspan="1">1754286792729</td><td rowspan="1">62</td></tr><tr class="passedeven"><td rowspan="3">TestAPIs.ResetPasswordTest</td><td><a href="#m38">TC01_ResetPassword_correctPassword</a></td><td rowspan="3">1754286792793</td><td rowspan="3">1364</td></tr><tr class="passedeven"><td><a href="#m39">TC01_ResetPassword_correctPassword</a></td></tr><tr class="passedeven"><td><a href="#m40">TC01_ResetPassword_correctPassword</a></td></tr><tr class="passedodd"><td rowspan="4">TestAPIs.RoleAPITest</td><td><a href="#m41">TC01_CreateRole</a></td><td rowspan="4">1754286794991</td><td rowspan="4">140</td></tr><tr class="passedodd"><td><a href="#m42">TC01_CreateRole</a></td></tr><tr class="passedodd"><td><a href="#m43">TC01_CreateRole</a></td></tr><tr class="passedodd"><td><a href="#m44">TC01_CreateRole</a></td></tr><tr class="passedeven"><td rowspan="3">TestAPIs.UsersAPITest</td><td><a href="#m45">TC01_CreateUser</a></td><td rowspan="3">1754286796262</td><td rowspan="3">57</td></tr><tr class="passedeven"><td><a href="#m46">TC01_CreateUser</a></td></tr><tr class="passedeven"><td><a href="#m47">TC01_CreateUser</a></td></tr></tbody>
</table>
<h2>TestAPIs Sequential Execution</h2><h3 id="m0">TestAPIs.ActionsAPITest#TC05_DeleteActionByID</h3><table class="result"><tr><th>Exception</th></tr><tr><td><div class="stacktrace">java.lang.AssertionError: expected [success] but found [null]
	at TestAPIs.ActionsAPITest.TC05_DeleteActionByID(ActionsAPITest.java:161)
	at java.base/java.util.ArrayList.forEach(ArrayList.java:1511)
... Removed 33 stack frames</div></td></tr></table><p class="totop"><a href="#summary">back to summary</a></p>
<h3 id="m1">TestAPIs.ModuleAPITest#TC01_CreateModule</h3><table class="result"><tr class="param"><th>Parameter #1</th><th>Parameter #2</th><th>Parameter #3</th><th>Parameter #4</th><th>Parameter #5</th><th>Parameter #6</th></tr><tr class="param stripe"><td>TestModule1</td><td>/testAuto</td><td>ri:icon</td><td>success</td><td>200</td><td>Successfully Created</td></tr><tr><th colspan="6">Exception</th></tr><tr><td colspan="6"><div class="stacktrace">java.lang.AssertionError: expected [success] but found [error]
	at TestAPIs.ModuleAPITest.TC01_CreateModule(ModuleAPITest.java:61)
	at java.base/java.util.ArrayList.forEach(ArrayList.java:1511)
... Removed 33 stack frames</div></td></tr></table><p class="totop"><a href="#summary">back to summary</a></p>
<h3 id="m2">TestAPIs.ModuleAPITest#TC03_GetModuleByID</h3><table class="result"><tr><th>Exception</th></tr><tr><td><div class="stacktrace">java.lang.NullPointerException: Cannot invoke &quot;pojo.module.ModuleData.getName()&quot; because the return value of &quot;pojo.module.ModuleListDataById.getModule()&quot; is null
	at TestAPIs.ModuleAPITest.TC03_GetModuleByID(ModuleAPITest.java:116)
	at java.base/java.util.ArrayList.forEach(ArrayList.java:1511)
... Removed 27 stack frames</div></td></tr></table><p class="totop"><a href="#summary">back to summary</a></p>
<h3 id="m3">TestAPIs.ModuleAPITest#TC04_DeleteModuleByID</h3><table class="result"><tr><th>Exception</th></tr><tr><td><div class="stacktrace">java.lang.AssertionError: expected [success] but found [error]
	at TestAPIs.ModuleAPITest.TC04_DeleteModuleByID(ModuleAPITest.java:132)
	at java.base/java.util.ArrayList.forEach(ArrayList.java:1511)
... Removed 33 stack frames</div></td></tr></table><p class="totop"><a href="#summary">back to summary</a></p>
<h3 id="m4">TestAPIs.PagesAPITest#TC01_CreatePage</h3><table class="result"><tr class="param"><th>Parameter #1</th><th>Parameter #2</th><th>Parameter #3</th><th>Parameter #4</th><th>Parameter #5</th><th>Parameter #6</th><th>Parameter #7</th></tr><tr class="param stripe"><td>TestModule1</td><td>/testAuto</td><td>ri:icon</td><td>987</td><td>error</td><td>400</td><td>Parent is not exists with given ID</td></tr><tr><th colspan="7">Exception</th></tr><tr><td colspan="7"><div class="stacktrace">java.lang.AssertionError: expected [Parent is not exists with given ID] but found [Path already exists]
	at TestAPIs.PagesAPITest.TC01_CreatePage(PagesAPITest.java:69)
	at java.base/java.util.ArrayList.forEach(ArrayList.java:1511)
... Removed 33 stack frames</div></td></tr></table><p class="totop"><a href="#summary">back to summary</a></p>
<h3 id="m5">TestAPIs.RoleAPITest#TC01_CreateRole</h3><table class="result"><tr class="param"><th>Parameter #1</th><th>Parameter #2</th><th>Parameter #3</th><th>Parameter #4</th><th>Parameter #5</th><th>Parameter #6</th><th>Parameter #7</th></tr><tr class="param stripe"><td>Valid Role Creation</td><td>TestRole213</td><td>Mid Access Tesing Role213</td><td>User</td><td>success</td><td>200</td><td>Role Created Successfully</td></tr><tr><th colspan="7">Exception</th></tr><tr><td colspan="7"><div class="stacktrace">java.lang.AssertionError: expected [success] but found [error]
	at TestAPIs.RoleAPITest.TC01_CreateRole(RoleAPITest.java:116)
	at java.base/java.util.ArrayList.forEach(ArrayList.java:1511)
... Removed 33 stack frames</div></td></tr></table><p class="totop"><a href="#summary">back to summary</a></p>
<h3 id="m6">TestAPIs.RoleAPITest#TC02_GetRole</h3><table class="result"><tr><th>Exception</th></tr><tr><td><div class="stacktrace">java.lang.AssertionError: Role name mismatch expected [TestRole213] but found [TestRole1]
	at TestAPIs.RoleAPITest.TC02_GetRole(RoleAPITest.java:146)
	at java.base/java.util.ArrayList.forEach(ArrayList.java:1511)
... Removed 32 stack frames</div></td></tr></table><p class="totop"><a href="#summary">back to summary</a></p>
<h3 id="m7">TestAPIs.RoleAPITest#TC03_GetROleByID</h3><table class="result"><tr><th>Exception</th></tr><tr><td><div class="stacktrace">java.lang.AssertionError: expected [Role retrieved successfully by ID] but found [Role not found]
	at TestAPIs.RoleAPITest.TC03_GetROleByID(RoleAPITest.java:177)
	at java.base/java.util.ArrayList.forEach(ArrayList.java:1511)
... Removed 33 stack frames</div></td></tr></table><p class="totop"><a href="#summary">back to summary</a></p>
<h3 id="m8">TestAPIs.RoleAPITest#TC04_DeleteRoleByID</h3><table class="result"><tr><th>Exception</th></tr><tr><td><div class="stacktrace">java.lang.AssertionError: expected [success] but found [error]
	at TestAPIs.RoleAPITest.TC04_DeleteRoleByID(RoleAPITest.java:197)
	at java.base/java.util.ArrayList.forEach(ArrayList.java:1511)
... Removed 33 stack frames</div></td></tr></table><p class="totop"><a href="#summary">back to summary</a></p>
<h3 id="m9">TestAPIs.UsersAPITest#TC01_CreateUser</h3><table class="result"><tr class="param"><th>Parameter #1</th><th>Parameter #2</th><th>Parameter #3</th><th>Parameter #4</th><th>Parameter #5</th><th>Parameter #6</th><th>Parameter #7</th><th>Parameter #8</th></tr><tr class="param stripe"><td>testing@m3tech.com.pk</td><td>TestAuto_1</td><td>TestingAuto_1</td><td>03215874695</td><td>2</td><td>superAdmin123@</td><td>400</td><td>email must be unique</td></tr><tr><th colspan="8">Exception</th></tr><tr><td colspan="8"><div class="stacktrace">java.lang.AssertionError: expected [400] but found [0]
	at TestAPIs.UsersAPITest.TC01_CreateUser(UsersAPITest.java:75)
	at java.base/java.util.ArrayList.forEach(ArrayList.java:1511)
... Removed 34 stack frames</div></td></tr></table><p class="totop"><a href="#summary">back to summary</a></p>
<h3 id="m10">TestAPIs.UsersAPITest#TC01_CreateUser</h3><table class="result"><tr class="param"><th>Parameter #1</th><th>Parameter #2</th><th>Parameter #3</th><th>Parameter #4</th><th>Parameter #5</th><th>Parameter #6</th><th>Parameter #7</th><th>Parameter #8</th></tr><tr class="param stripe"><td>testing@m3tech.com.pk</td><td>Testing</td><td>Testinging</td><td>03215874695</td><td>2</td><td>superAdmin123@</td><td>200</td><td>Successfully Created</td></tr><tr><th colspan="8">Exception</th></tr><tr><td colspan="8"><div class="stacktrace">java.lang.AssertionError: expected [Successfully Created] but found [User Already exist!]
	at TestAPIs.UsersAPITest.TC01_CreateUser(UsersAPITest.java:74)
	at java.base/java.util.ArrayList.forEach(ArrayList.java:1511)
... Removed 33 stack frames</div></td></tr></table><p class="totop"><a href="#summary">back to summary</a></p>
<h3 id="m11">TestAPIs.UsersAPITest#TC01_CreateUser</h3><table class="result"><tr class="param"><th>Parameter #1</th><th>Parameter #2</th><th>Parameter #3</th><th>Parameter #4</th><th>Parameter #5</th><th>Parameter #6</th><th>Parameter #7</th><th>Parameter #8</th></tr><tr class="param stripe"><td>test_1@m3tech.com.pk</td><td>TestAuto_1</td><td>Testinging</td><td>03215874695</td><td>2</td><td>superAdmin123@</td><td>400</td><td>userName must be unique</td></tr><tr><th colspan="8">Exception</th></tr><tr><td colspan="8"><div class="stacktrace">java.lang.AssertionError: expected [400] but found [0]
	at TestAPIs.UsersAPITest.TC01_CreateUser(UsersAPITest.java:75)
	at java.base/java.util.ArrayList.forEach(ArrayList.java:1511)
... Removed 34 stack frames</div></td></tr></table><p class="totop"><a href="#summary">back to summary</a></p>
<h3 id="m12">TestAPIs.UsersAPITest#TC02_GetUser</h3><table class="result"><tr><th>Exception</th></tr><tr><td><div class="stacktrace">java.lang.AssertionError: User not found with email: testing@m3tech.com.pk expected [true] but found [false]
	at TestAPIs.UsersAPITest.TC02_GetUser(UsersAPITest.java:129)
	at java.base/java.util.ArrayList.forEach(ArrayList.java:1511)
... Removed 30 stack frames</div></td></tr></table><p class="totop"><a href="#summary">back to summary</a></p>
<h3 id="m13">TestAPIs.UsersAPITest#TC03_GetUserByID</h3><table class="result"><tr><th>Exception</th></tr><tr><td><div class="stacktrace">java.lang.NullPointerException: Cannot invoke &quot;pojo.user.UserData.getEmail()&quot; because the return value of &quot;pojo.user.UserListDataByID.getUser()&quot; is null
	at TestAPIs.UsersAPITest.TC03_GetUserByID(UsersAPITest.java:151)
	at java.base/java.util.ArrayList.forEach(ArrayList.java:1511)
... Removed 27 stack frames</div></td></tr></table><p class="totop"><a href="#summary">back to summary</a></p>
<h3 id="m14">TestAPIs.UsersAPITest#TC04_DeleteUserByID</h3><table class="result"><tr><th>Exception</th></tr><tr><td><div class="stacktrace">java.lang.AssertionError: expected [success] but found [error]
	at TestAPIs.UsersAPITest.TC04_DeleteUserByID(UsersAPITest.java:171)
	at java.base/java.util.ArrayList.forEach(ArrayList.java:1511)
... Removed 33 stack frames</div></td></tr></table><p class="totop"><a href="#summary">back to summary</a></p>
<h3 id="m15">TestAPIs.ActionsAPITest#TC01_CreateAction</h3><table class="result"><tr class="param"><th>Parameter #1</th><th>Parameter #2</th><th>Parameter #3</th><th>Parameter #4</th></tr><tr class="param stripe"><td>Add_Action</td><td>error</td><td>403</td><td>Action Already exists!</td></tr></table><p class="totop"><a href="#summary">back to summary</a></p>
<h3 id="m16">TestAPIs.ActionsAPITest#TC01_CreateAction</h3><table class="result"><tr class="param"><th>Parameter #1</th><th>Parameter #2</th><th>Parameter #3</th><th>Parameter #4</th></tr><tr class="param stripe"><td>Add_Action</td><td>success</td><td>200</td><td>Successfully Created</td></tr></table><p class="totop"><a href="#summary">back to summary</a></p>
<h3 id="m17">TestAPIs.ActionsAPITest#TC02_GetAction</h3><table class="result"><tr><th class="invisible"/></tr></table><p class="totop"><a href="#summary">back to summary</a></p>
<h3 id="m18">TestAPIs.ActionsAPITest#TC03_UpdateActionByID</h3><table class="result"><tr><th class="invisible"/></tr></table><p class="totop"><a href="#summary">back to summary</a></p>
<h3 id="m19">TestAPIs.ActionsAPITest#TC04_GetActionByID</h3><table class="result"><tr><th class="invisible"/></tr></table><p class="totop"><a href="#summary">back to summary</a></p>
<h3 id="m20">TestAPIs.GetPermissionsTests#TC01_GetPermissions_ValidToken</h3><table class="result"><tr><th class="invisible"/></tr></table><p class="totop"><a href="#summary">back to summary</a></p>
<h3 id="m21">TestAPIs.GetPermissionsTests#TC02_GetPermissions_InvalidTokens</h3><table class="result"><tr class="param"><th>Parameter #1</th></tr><tr class="param stripe"><td></td></tr></table><p class="totop"><a href="#summary">back to summary</a></p>
<h3 id="m22">TestAPIs.GetPermissionsTests#TC02_GetPermissions_InvalidTokens</h3><table class="result"><tr class="param"><th>Parameter #1</th></tr><tr class="param stripe"><td>Bearer invalid-token</td></tr></table><p class="totop"><a href="#summary">back to summary</a></p>
<h3 id="m23">TestAPIs.GetPermissionsTests#TC02_GetPermissions_InvalidTokens</h3><table class="result"><tr class="param"><th>Parameter #1</th></tr><tr class="param stripe"><td>Bearer </td></tr></table><p class="totop"><a href="#summary">back to summary</a></p>
<h3 id="m24">TestAPIs.GetPermissionsTests#TC07_GetPermissions_ResponseTimeCheck</h3><table class="result"><tr><th class="invisible"/></tr></table><p class="totop"><a href="#summary">back to summary</a></p>
<h3 id="m25">TestAPIs.LoginTest#testLogin</h3><table class="result"><tr class="param"><th>Parameter #1</th><th>Parameter #2</th><th>Parameter #3</th><th>Parameter #4</th></tr><tr class="param stripe"><td>superadmin@m3tech.com.pk</td><td>superAdmin123@</td><td>200</td><td>Login Successful</td></tr></table><p class="totop"><a href="#summary">back to summary</a></p>
<h3 id="m26">TestAPIs.LoginTest#testLogin</h3><table class="result"><tr class="param"><th>Parameter #1</th><th>Parameter #2</th><th>Parameter #3</th><th>Parameter #4</th></tr><tr class="param stripe"><td>superadmin@m3tech.com.pk</td><td>wrongpass</td><td>401</td><td>Email or password is invalid</td></tr></table><p class="totop"><a href="#summary">back to summary</a></p>
<h3 id="m27">TestAPIs.LoginTest#testLogin</h3><table class="result"><tr class="param"><th>Parameter #1</th><th>Parameter #2</th><th>Parameter #3</th><th>Parameter #4</th></tr><tr class="param stripe"><td>superadmin@m3tech.com.pk</td><td></td><td>400</td><td>Invalid body</td></tr></table><p class="totop"><a href="#summary">back to summary</a></p>
<h3 id="m28">TestAPIs.LoginTest#testLogin</h3><table class="result"><tr class="param"><th>Parameter #1</th><th>Parameter #2</th><th>Parameter #3</th><th>Parameter #4</th></tr><tr class="param stripe"><td></td><td>superAdmin123@</td><td>400</td><td>Invalid body</td></tr></table><p class="totop"><a href="#summary">back to summary</a></p>
<h3 id="m29">TestAPIs.LoginTest#testLogin</h3><table class="result"><tr class="param"><th>Parameter #1</th><th>Parameter #2</th><th>Parameter #3</th><th>Parameter #4</th></tr><tr class="param stripe"><td>super@gamil</td><td>superAdmin123@</td><td>400</td><td>Invalid body</td></tr></table><p class="totop"><a href="#summary">back to summary</a></p>
<h3 id="m30">TestAPIs.LogoutTest#TC01_Logout_ValidToken</h3><table class="result"><tr><th class="invisible"/></tr></table><p class="totop"><a href="#summary">back to summary</a></p>
<h3 id="m31">TestAPIs.ModuleAPITest#TC01_CreateModule</h3><table class="result"><tr class="param"><th>Parameter #1</th><th>Parameter #2</th><th>Parameter #3</th><th>Parameter #4</th><th>Parameter #5</th><th>Parameter #6</th></tr><tr class="param stripe"><td>TestModule1</td><td>/testAuto</td><td>ri:icon</td><td>error</td><td>400</td><td>Module already exists</td></tr></table><p class="totop"><a href="#summary">back to summary</a></p>
<h3 id="m32">TestAPIs.ModuleAPITest#TC02_GetModule</h3><table class="result"><tr><th class="invisible"/></tr></table><p class="totop"><a href="#summary">back to summary</a></p>
<h3 id="m33">TestAPIs.PagesAPITest#TC01_CreatePage</h3><table class="result"><tr class="param"><th>Parameter #1</th><th>Parameter #2</th><th>Parameter #3</th><th>Parameter #4</th><th>Parameter #5</th><th>Parameter #6</th><th>Parameter #7</th></tr><tr class="param stripe"><td>TestModule1</td><td>/testAuto</td><td>ri:icon</td><td>26</td><td>success</td><td>200</td><td>Successfully Created</td></tr></table><p class="totop"><a href="#summary">back to summary</a></p>
<h3 id="m34">TestAPIs.PagesAPITest#TC01_CreatePage</h3><table class="result"><tr class="param"><th>Parameter #1</th><th>Parameter #2</th><th>Parameter #3</th><th>Parameter #4</th><th>Parameter #5</th><th>Parameter #6</th><th>Parameter #7</th></tr><tr class="param stripe"><td>TestModule1</td><td>/testAuto</td><td>ri:icon</td><td>26</td><td>error</td><td>400</td><td>Path already exists</td></tr></table><p class="totop"><a href="#summary">back to summary</a></p>
<h3 id="m35">TestAPIs.PagesAPITest#TC02_GetPage</h3><table class="result"><tr><th class="invisible"/></tr></table><p class="totop"><a href="#summary">back to summary</a></p>
<h3 id="m36">TestAPIs.PagesAPITest#TC03_GetPageByID</h3><table class="result"><tr><th class="invisible"/></tr></table><p class="totop"><a href="#summary">back to summary</a></p>
<h3 id="m37">TestAPIs.PagesAPITest#TC04_DeletePageByID</h3><table class="result"><tr><th class="invisible"/></tr></table><p class="totop"><a href="#summary">back to summary</a></p>
<h3 id="m38">TestAPIs.ResetPasswordTest#TC01_ResetPassword_correctPassword</h3><table class="result"><tr class="param"><th>Parameter #1</th><th>Parameter #2</th><th>Parameter #3</th><th>Parameter #4</th></tr><tr class="param stripe"><td>superAdmin123@</td><td>superAdmin123@@</td><td>200</td><td>Password updated successfully</td></tr></table><p class="totop"><a href="#summary">back to summary</a></p>
<h3 id="m39">TestAPIs.ResetPasswordTest#TC01_ResetPassword_correctPassword</h3><table class="result"><tr class="param"><th>Parameter #1</th><th>Parameter #2</th><th>Parameter #3</th><th>Parameter #4</th></tr><tr class="param stripe"><td>wrongpass</td><td>superAdmin123@@</td><td>400</td><td>Current password is incorrect</td></tr></table><p class="totop"><a href="#summary">back to summary</a></p>
<h3 id="m40">TestAPIs.ResetPasswordTest#TC01_ResetPassword_correctPassword</h3><table class="result"><tr class="param"><th>Parameter #1</th><th>Parameter #2</th><th>Parameter #3</th><th>Parameter #4</th></tr><tr class="param stripe"><td>superAdmin123@@</td><td>superAdmin123@</td><td>200</td><td>Password updated successfully</td></tr></table><p class="totop"><a href="#summary">back to summary</a></p>
<h3 id="m41">TestAPIs.RoleAPITest#TC01_CreateRole</h3><table class="result"><tr class="param"><th>Parameter #1</th><th>Parameter #2</th><th>Parameter #3</th><th>Parameter #4</th><th>Parameter #5</th><th>Parameter #6</th><th>Parameter #7</th></tr><tr class="param stripe"><td>Duplicate Role Name</td><td>TestRole213</td><td>Mid Access Tesing Role213</td><td>User</td><td>error</td><td>403</td><td>Role already exists!</td></tr></table><p class="totop"><a href="#summary">back to summary</a></p>
<h3 id="m42">TestAPIs.RoleAPITest#TC01_CreateRole</h3><table class="result"><tr class="param"><th>Parameter #1</th><th>Parameter #2</th><th>Parameter #3</th><th>Parameter #4</th><th>Parameter #5</th><th>Parameter #6</th><th>Parameter #7</th></tr><tr class="param stripe"><td>Invalid Page ID</td><td>TestRoleDummy213</td><td>Mid Access Tesing Role213</td><td>User</td><td>error</td><td>403</td><td>Requested Page(s) does not exist</td></tr></table><p class="totop"><a href="#summary">back to summary</a></p>
<h3 id="m43">TestAPIs.RoleAPITest#TC01_CreateRole</h3><table class="result"><tr class="param"><th>Parameter #1</th><th>Parameter #2</th><th>Parameter #3</th><th>Parameter #4</th><th>Parameter #5</th><th>Parameter #6</th><th>Parameter #7</th></tr><tr class="param stripe"><td>Invalid Action Id</td><td>TestRoleDummy213</td><td>Mid Access Tesing Role213</td><td>User</td><td>error</td><td>403</td><td>Requested Action(s) does not exist.</td></tr></table><p class="totop"><a href="#summary">back to summary</a></p>
<h3 id="m44">TestAPIs.RoleAPITest#TC01_CreateRole</h3><table class="result"><tr class="param"><th>Parameter #1</th><th>Parameter #2</th><th>Parameter #3</th><th>Parameter #4</th><th>Parameter #5</th><th>Parameter #6</th><th>Parameter #7</th></tr><tr class="param stripe"><td>Invalid Type</td><td>TestRoleDummy213</td><td>Mid Access Tesing Role213</td><td>TestUser</td><td>error</td><td>400</td><td>Invalid body</td></tr></table><p class="totop"><a href="#summary">back to summary</a></p>
<h3 id="m45">TestAPIs.UsersAPITest#TC01_CreateUser</h3><table class="result"><tr class="param"><th>Parameter #1</th><th>Parameter #2</th><th>Parameter #3</th><th>Parameter #4</th><th>Parameter #5</th><th>Parameter #6</th><th>Parameter #7</th><th>Parameter #8</th></tr><tr class="param stripe"><td>test_1@m3tech.com.pk</td><td>Testing</td><td>Testinging</td><td>03215874695</td><td>2</td><td>superAdmin123@</td><td>403</td><td>User Already exist!</td></tr></table><p class="totop"><a href="#summary">back to summary</a></p>
<h3 id="m46">TestAPIs.UsersAPITest#TC01_CreateUser</h3><table class="result"><tr class="param"><th>Parameter #1</th><th>Parameter #2</th><th>Parameter #3</th><th>Parameter #4</th><th>Parameter #5</th><th>Parameter #6</th><th>Parameter #7</th><th>Parameter #8</th></tr><tr class="param stripe"><td>super@gamil</td><td>Testing</td><td>Testinging</td><td>03215874695</td><td>2</td><td>superAdmin123@</td><td>400</td><td>Invalid body</td></tr></table><p class="totop"><a href="#summary">back to summary</a></p>
<h3 id="m47">TestAPIs.UsersAPITest#TC01_CreateUser</h3><table class="result"><tr class="param"><th>Parameter #1</th><th>Parameter #2</th><th>Parameter #3</th><th>Parameter #4</th><th>Parameter #5</th><th>Parameter #6</th><th>Parameter #7</th><th>Parameter #8</th></tr><tr class="param stripe"><td></td><td>Testing</td><td>Testinging</td><td>03215874695</td><td>2</td><td>superAdmin123@</td><td>400</td><td>Invalid body</td></tr></table><p class="totop"><a href="#summary">back to summary</a></p>
</body>
</html>
